2022-12-06 23:29:57.415  INFO 1128 --- [main] c.example.bldonate.BldonateApplication   : Starting BldonateApplication using Java 11.0.10 on WINDOWS-AIJU0NK with PID 1128 (C:\Users\user\IdeaProjects\bldonate\target\classes started by user in C:\Users\user\IdeaProjects\bldonate)
2022-12-06 23:29:57.456  INFO 1128 --- [main] c.example.bldonate.BldonateApplication   : No active profile set, falling back to default profiles: default
2022-12-06 23:30:00.285  INFO 1128 --- [main] .s.d.r.c.RepositoryConfigurationDelegate : Bootstrapping Spring Data JPA repositories in DEFAULT mode.
2022-12-06 23:30:00.480  INFO 1128 --- [main] .s.d.r.c.RepositoryConfigurationDelegate : Finished Spring Data repository scanning in 172 ms. Found 10 JPA repository interfaces.
2022-12-06 23:30:02.245  INFO 1128 --- [main] o.s.b.w.embedded.tomcat.TomcatWebServer  : Tomcat initialized with port(s): 9000 (http)
2022-12-06 23:30:02.275  INFO 1128 --- [main] o.apache.catalina.core.StandardService   : Starting service [Tomcat]
2022-12-06 23:30:02.275  INFO 1128 --- [main] org.apache.catalina.core.StandardEngine  : Starting Servlet engine: [Apache Tomcat/9.0.44]
2022-12-06 23:30:02.530  INFO 1128 --- [main] o.a.c.c.C.[Tomcat].[localhost].[/]       : Initializing Spring embedded WebApplicationContext
2022-12-06 23:30:02.530  INFO 1128 --- [main] w.s.c.ServletWebServerApplicationContext : Root WebApplicationContext: initialization completed in 4809 ms
2022-12-06 23:30:02.830  INFO 1128 --- [main] com.zaxxer.hikari.HikariDataSource       : HikariPool-1 - Starting...
2022-12-06 23:30:03.705  INFO 1128 --- [main] com.zaxxer.hikari.HikariDataSource       : HikariPool-1 - Start completed.
2022-12-06 23:30:03.915  INFO 1128 --- [main] o.hibernate.jpa.internal.util.LogHelper  : HHH000204: Processing PersistenceUnitInfo [name: default]
2022-12-06 23:30:04.105  INFO 1128 --- [main] org.hibernate.Version                    : HHH000412: Hibernate ORM core version 5.4.29.Final
2022-12-06 23:30:04.480  INFO 1128 --- [main] o.hibernate.annotations.common.Version   : HCANN000001: Hibernate Commons Annotations {5.1.2.Final}
2022-12-06 23:30:04.780  INFO 1128 --- [main] org.hibernate.dialect.Dialect            : HHH000400: Using dialect: org.hibernate.dialect.MySQL8Dialect
2022-12-06 23:30:06.845  INFO 1128 --- [main] o.h.e.t.j.p.i.JtaPlatformInitiator       : HHH000490: Using JtaPlatform implementation: [org.hibernate.engine.transaction.jta.platform.internal.NoJtaPlatform]
2022-12-06 23:30:06.867  INFO 1128 --- [main] j.LocalContainerEntityManagerFactoryBean : Initialized JPA EntityManagerFactory for persistence unit 'default'
2022-12-06 23:30:08.466  WARN 1128 --- [main] JpaBaseConfiguration$JpaWebConfiguration : spring.jpa.open-in-view is enabled by default. Therefore, database queries may be performed during view rendering. Explicitly configure spring.jpa.open-in-view to disable this warning
2022-12-06 23:30:13.695  INFO 1128 --- [main] o.s.s.web.DefaultSecurityFilterChain     : Will secure Ant [pattern='/v2/api-docs'] with []
2022-12-06 23:30:13.695  INFO 1128 --- [main] o.s.s.web.DefaultSecurityFilterChain     : Will secure Ant [pattern='/configuration/ui'] with []
2022-12-06 23:30:13.695  INFO 1128 --- [main] o.s.s.web.DefaultSecurityFilterChain     : Will secure Ant [pattern='/swagger-resources/**'] with []
2022-12-06 23:30:13.695  INFO 1128 --- [main] o.s.s.web.DefaultSecurityFilterChain     : Will secure Ant [pattern='/configuration/security'] with []
2022-12-06 23:30:13.695  INFO 1128 --- [main] o.s.s.web.DefaultSecurityFilterChain     : Will secure Ant [pattern='/swagger-ui.html'] with []
2022-12-06 23:30:13.695  INFO 1128 --- [main] o.s.s.web.DefaultSecurityFilterChain     : Will secure Ant [pattern='/webjars/**'] with []
2022-12-06 23:30:13.770  INFO 1128 --- [main] o.s.s.web.DefaultSecurityFilterChain     : Will secure any request with [org.springframework.security.web.context.request.async.WebAsyncManagerIntegrationFilter@7d776105, org.springframework.security.web.context.SecurityContextPersistenceFilter@359b4846, org.springframework.security.web.header.HeaderWriterFilter@258ff54a, org.springframework.web.filter.CorsFilter@55a07f97, org.springframework.security.web.authentication.logout.LogoutFilter@5096be74, com.example.bldonate.security.AuthorizationFilter@3457cc8d, org.springframework.security.web.savedrequest.RequestCacheAwareFilter@5f59b6c5, org.springframework.security.web.servletapi.SecurityContextHolderAwareRequestFilter@4163f505, org.springframework.security.web.authentication.AnonymousAuthenticationFilter@461e479c, org.springframework.security.web.session.SessionManagementFilter@1df77353, org.springframework.security.web.access.ExceptionTranslationFilter@7cecd959, org.springframework.security.web.access.intercept.FilterSecurityInterceptor@3a3f1703]
2022-12-06 23:30:13.824  INFO 1128 --- [main] pertySourcedRequestMappingHandlerMapping : Mapped URL path [/v2/api-docs] onto method [springfox.documentation.swagger2.web.Swagger2Controller#getDocumentation(String, HttpServletRequest)]
2022-12-06 23:30:14.089  INFO 1128 --- [main] o.s.s.concurrent.ThreadPoolTaskExecutor  : Initializing ExecutorService 'applicationTaskExecutor'
2022-12-06 23:30:14.550  INFO 1128 --- [main] o.s.b.w.embedded.tomcat.TomcatWebServer  : Tomcat started on port(s): 9000 (http) with context path ''
2022-12-06 23:30:14.555  INFO 1128 --- [main] d.s.w.p.DocumentationPluginsBootstrapper : Context refreshed
2022-12-06 23:30:14.600  INFO 1128 --- [main] d.s.w.p.DocumentationPluginsBootstrapper : Found 1 custom documentation plugin(s)
2022-12-06 23:30:14.710  INFO 1128 --- [main] s.d.s.w.s.ApiListingReferenceScanner     : Scanning for api listing references
2022-12-06 23:30:15.125  INFO 1128 --- [main] .d.s.w.r.o.CachingOperationNameGenerator : Generating unique operation named: deleteUsingDELETE_1
2022-12-06 23:30:15.125  INFO 1128 --- [main] .d.s.w.r.o.CachingOperationNameGenerator : Generating unique operation named: findAllUsingGET_1
2022-12-06 23:30:15.135  INFO 1128 --- [main] .d.s.w.r.o.CachingOperationNameGenerator : Generating unique operation named: findByIdUsingGET_1
2022-12-06 23:30:15.140  INFO 1128 --- [main] .d.s.w.r.o.CachingOperationNameGenerator : Generating unique operation named: insertUsingPOST_1
2022-12-06 23:30:15.150  INFO 1128 --- [main] .d.s.w.r.o.CachingOperationNameGenerator : Generating unique operation named: updateUsingPUT_1
2022-12-06 23:30:15.255  INFO 1128 --- [main] .d.s.w.r.o.CachingOperationNameGenerator : Generating unique operation named: findByIdUsingGET_2
2022-12-06 23:30:15.340  INFO 1128 --- [main] .d.s.w.r.o.CachingOperationNameGenerator : Generating unique operation named: updateUsingPUT_2
2022-12-06 23:30:15.345  INFO 1128 --- [main] .d.s.w.r.o.CachingOperationNameGenerator : Generating unique operation named: deleteUsingDELETE_2
2022-12-06 23:30:15.350  INFO 1128 --- [main] .d.s.w.r.o.CachingOperationNameGenerator : Generating unique operation named: findAllUsingGET_2
2022-12-06 23:30:15.355  INFO 1128 --- [main] .d.s.w.r.o.CachingOperationNameGenerator : Generating unique operation named: findByIdUsingGET_3
2022-12-06 23:30:15.365  INFO 1128 --- [main] .d.s.w.r.o.CachingOperationNameGenerator : Generating unique operation named: insertUsingPOST_2
2022-12-06 23:30:15.370  INFO 1128 --- [main] .d.s.w.r.o.CachingOperationNameGenerator : Generating unique operation named: updateUsingPUT_3
2022-12-06 23:30:15.380  INFO 1128 --- [main] .d.s.w.r.o.CachingOperationNameGenerator : Generating unique operation named: deleteUsingDELETE_3
2022-12-06 23:30:15.385  INFO 1128 --- [main] .d.s.w.r.o.CachingOperationNameGenerator : Generating unique operation named: findByIdUsingGET_4
2022-12-06 23:30:15.396  INFO 1128 --- [main] .d.s.w.r.o.CachingOperationNameGenerator : Generating unique operation named: insertUsingPOST_3
2022-12-06 23:30:15.405  INFO 1128 --- [main] .d.s.w.r.o.CachingOperationNameGenerator : Generating unique operation named: updateUsingPUT_4
2022-12-06 23:30:15.410  INFO 1128 --- [main] .d.s.w.r.o.CachingOperationNameGenerator : Generating unique operation named: deleteUsingDELETE_4
2022-12-06 23:30:15.410  INFO 1128 --- [main] .d.s.w.r.o.CachingOperationNameGenerator : Generating unique operation named: findByIdUsingGET_5
2022-12-06 23:30:15.425  INFO 1128 --- [main] .d.s.w.r.o.CachingOperationNameGenerator : Generating unique operation named: getAllUsingGET_1
2022-12-06 23:30:15.430  INFO 1128 --- [main] .d.s.w.r.o.CachingOperationNameGenerator : Generating unique operation named: insertUsingPOST_4
2022-12-06 23:30:15.435  INFO 1128 --- [main] .d.s.w.r.o.CachingOperationNameGenerator : Generating unique operation named: updateUsingPUT_5
2022-12-06 23:30:15.440  INFO 1128 --- [main] .d.s.w.r.o.CachingOperationNameGenerator : Generating unique operation named: deleteUsingDELETE_5
2022-12-06 23:30:15.440  INFO 1128 --- [main] .d.s.w.r.o.CachingOperationNameGenerator : Generating unique operation named: findAllUsingGET_3
2022-12-06 23:30:15.445  INFO 1128 --- [main] .d.s.w.r.o.CachingOperationNameGenerator : Generating unique operation named: findByIdUsingGET_6
2022-12-06 23:30:15.460  INFO 1128 --- [main] .d.s.w.r.o.CachingOperationNameGenerator : Generating unique operation named: insertUsingPOST_5
2022-12-06 23:30:15.465  INFO 1128 --- [main] .d.s.w.r.o.CachingOperationNameGenerator : Generating unique operation named: updateUsingPUT_6
2022-12-06 23:30:15.470  INFO 1128 --- [main] .d.s.w.r.o.CachingOperationNameGenerator : Generating unique operation named: deleteUsingDELETE_6
2022-12-06 23:30:15.470  INFO 1128 --- [main] .d.s.w.r.o.CachingOperationNameGenerator : Generating unique operation named: findAllUsingGET_4
2022-12-06 23:30:15.475  INFO 1128 --- [main] .d.s.w.r.o.CachingOperationNameGenerator : Generating unique operation named: findByIdUsingGET_7
2022-12-06 23:30:15.475  INFO 1128 --- [main] .d.s.w.r.o.CachingOperationNameGenerator : Generating unique operation named: insertUsingPOST_6
2022-12-06 23:30:15.480  INFO 1128 --- [main] .d.s.w.r.o.CachingOperationNameGenerator : Generating unique operation named: updateUsingPUT_7
2022-12-06 23:30:15.530  INFO 1128 --- [main] c.example.bldonate.BldonateApplication   : Started BldonateApplication in 19.572 seconds (JVM running for 23.588)
2022-12-06 23:30:24.906  INFO 1128 --- [http-nio-9000-exec-1] o.a.c.c.C.[Tomcat].[localhost].[/]       : Initializing Spring DispatcherServlet 'dispatcherServlet'
2022-12-06 23:30:24.910  INFO 1128 --- [http-nio-9000-exec-1] o.s.web.servlet.DispatcherServlet        : Initializing Servlet 'dispatcherServlet'
2022-12-06 23:30:24.914  INFO 1128 --- [http-nio-9000-exec-1] o.s.web.servlet.DispatcherServlet        : Completed initialization in 4 ms
2022-12-06 23:30:45.968  INFO 1128 --- [SpringContextShutdownHook] o.s.s.concurrent.ThreadPoolTaskExecutor  : Shutting down ExecutorService 'applicationTaskExecutor'
2022-12-06 23:30:45.998  INFO 1128 --- [SpringContextShutdownHook] j.LocalContainerEntityManagerFactoryBean : Closing JPA EntityManagerFactory for persistence unit 'default'
2022-12-06 23:30:46.002  INFO 1128 --- [SpringContextShutdownHook] com.zaxxer.hikari.HikariDataSource       : HikariPool-1 - Shutdown initiated...
2022-12-06 23:30:46.060  INFO 1128 --- [SpringContextShutdownHook] com.zaxxer.hikari.HikariDataSource       : HikariPool-1 - Shutdown completed.
